10:59:33:944  INFO 24096 --- [main] com.hmall.HMallApplication               : Starting HMallApplication using Java 17.0.9 on Apple-Macbook with PID 24096 (E:\practice\java_project\shoppingMall\Backend\hm-service\target\classes started by 71947 in E:\practice\java_project\shoppingMall\Backend)
10:59:33:947 DEBUG 24096 --- [main] com.hmall.HMallApplication               : Running with Spring Boot v2.7.12, Spring v5.3.27
10:59:33:948  INFO 24096 --- [main] com.hmall.HMallApplication               : The following 1 profile is active: "local"
10:59:34:434  INFO 24096 --- [main] .s.d.r.c.RepositoryConfigurationDelegate : Multiple Spring Data modules found, entering strict repository configuration mode
10:59:34:436  INFO 24096 --- [main] .s.d.r.c.RepositoryConfigurationDelegate : Bootstrapping Spring Data Redis repositories in DEFAULT mode.
10:59:34:454  INFO 24096 --- [main] .s.d.r.c.RepositoryConfigurationDelegate : Finished Spring Data repository scanning in 8 ms. Found 0 Redis repository interfaces.
10:59:34:763  INFO 24096 --- [main] o.s.b.w.embedded.tomcat.TomcatWebServer  : Tomcat initialized with port(s): 8080 (http)
10:59:34:764  INFO 24096 --- [main] o.a.catalina.core.AprLifecycleListener   : Loaded Apache Tomcat Native library [2.0.7] using APR version [1.7.4].
10:59:34:764  INFO 24096 --- [main] o.a.catalina.core.AprLifecycleListener   : APR capabilities: IPv6 [true], sendfile [true], accept filters [false], random [true], UDS [true].
10:59:34:764  INFO 24096 --- [main] o.a.catalina.core.AprLifecycleListener   : APR/OpenSSL configuration: useAprConnector [false], useOpenSSL [true]
10:59:34:767  INFO 24096 --- [main] o.a.catalina.core.AprLifecycleListener   : OpenSSL successfully initialized [OpenSSL 3.0.13 30 Jan 2024]
10:59:34:771  INFO 24096 --- [main] o.apache.catalina.core.StandardService   : Starting service [Tomcat]
10:59:34:772  INFO 24096 --- [main] org.apache.catalina.core.StandardEngine  : Starting Servlet engine: [Apache Tomcat/9.0.75]
10:59:34:843  INFO 24096 --- [main] o.a.c.c.C.[Tomcat].[localhost].[/]       : Initializing Spring embedded WebApplicationContext
10:59:34:843  INFO 24096 --- [main] w.s.c.ServletWebServerApplicationContext : Root WebApplicationContext: initialization completed in 861 ms
10:59:35:690  INFO 24096 --- [main] pertySourcedRequestMappingHandlerMapping : Mapped URL path [/v2/api-docs] onto method [springfox.documentation.swagger2.web.Swagger2ControllerWebMvc#getDocumentation(String, HttpServletRequest)]
10:59:35:951  INFO 24096 --- [main] o.s.b.w.embedded.tomcat.TomcatWebServer  : Tomcat started on port(s): 8080 (http) with context path ''
10:59:35:951  INFO 24096 --- [main] d.s.w.p.DocumentationPluginsBootstrapper : Documentation plugins bootstrapped
10:59:35:952  INFO 24096 --- [main] d.s.w.p.DocumentationPluginsBootstrapper : Found 1 custom documentation plugin(s)
10:59:35:968  INFO 24096 --- [main] s.d.s.w.s.ApiListingReferenceScanner     : Scanning for api listing references
10:59:36:053  INFO 24096 --- [main] com.hmall.HMallApplication               : Started HMallApplication in 2.377 seconds (JVM running for 2.837)
